{"t":"2026-06-10T19:56:48.804Z","coord":{"z":14,"x":8502,"y":5840},"type":"dem","status":"MISS","quotaTotal":2}
{"t":"2026-06-10T19:56:48.828Z","coord":{"z":14,"x":8502,"y":5838},"type":"dem","status":"MISS","quotaTotal":3}
{"t":"2026-06-10T19:56:48.866Z","coord":{"z":14,"x":8502,"y":5841},"type":"dem","status":"MISS","quotaTotal":4}
{"t":"2026-06-10T19:56:48.892Z","coord":{"z":14,"x":8502,"y":5839},"type":"dem","status":"MISS","quotaTotal":5}
{"t":"2026-06-10T19:56:48.908Z","coord":{"z":14,"x":8502,"y":5837},"type":"dem","status":"MISS","quotaTotal":6}
{"t":"2026-06-10T19:56:48.925Z","coord":{"z":14,"x":8503,"y":5837},"type":"dem","status":"MISS","quotaTotal":7}
{"t":"2026-06-10T19:56:52.721Z","coord":{"z":14,"x":8502,"y":5841},"type":"sat","status":"MISS","quotaTotal":8}
{"t":"2026-06-10T19:56:52.722Z","coord":{"z":14,"x":8502,"y":5840},"type":"sat","status":"MISS","quotaTotal":9}
{"t":"2026-06-10T19:56:52.724Z","coord":{"z":14,"x":8502,"y":5837},"type":"sat","status":"MISS","quotaTotal":10}
{"t":"2026-06-10T19:56:52.730Z","coord":{"z":14,"x":8503,"y":5837},"type":"sat","status":"MISS","quotaTotal":11}
{"t":"2026-06-10T19:56:52.736Z","coord":{"z":14,"x":8502,"y":5838},"type":"sat","status":"MISS","quotaTotal":12}
{"t":"2026-06-10T19:56:52.758Z","coord":{"z":14,"x":8502,"y":5839},"type":"sat","status":"MISS","quotaTotal":13}
{"t":"2026-06-10T19:56:58.788Z","coord":{"z":14,"x":8503,"y":5839},"type":"dem","status":"MISS","quotaTotal":14}
{"t":"2026-06-10T19:56:58.808Z","coord":{"z":14,"x":8503,"y":5838},"type":"dem","status":"MISS","quotaTotal":15}
{"t":"2026-06-10T19:56:58.813Z","coord":{"z":14,"x":8503,"y":5841},"type":"dem","status":"MISS","quotaTotal":16}
{"t":"2026-06-10T19:56:58.816Z","coord":{"z":14,"x":8504,"y":5837},"type":"dem","status":"MISS","quotaTotal":17}
{"t":"2026-06-10T19:56:58.835Z","coord":{"z":14,"x":8504,"y":5838},"type":"dem","status":"MISS","quotaTotal":18}
{"t":"2026-06-10T19:56:58.847Z","coord":{"z":14,"x":8503,"y":5840},"type":"dem","status":"MISS","quotaTotal":19}
{"t":"2026-06-10T19:57:05.183Z","coord":{"z":14,"x":8503,"y":5839},"type":"sat","status":"MISS","quotaTotal":20}
{"t":"2026-06-10T19:57:05.186Z","coord":{"z":14,"x":8503,"y":5838},"type":"sat","status":"MISS","quotaTotal":21}
{"t":"2026-06-10T19:57:05.191Z","coord":{"z":14,"x":8504,"y":5837},"type":"sat","status":"MISS","quotaTotal":22}
{"t":"2026-06-10T19:57:05.197Z","coord":{"z":14,"x":8503,"y":5841},"type":"sat","status":"MISS","quotaTotal":23}
{"t":"2026-06-10T19:57:05.209Z","coord":{"z":14,"x":8504,"y":5838},"type":"sat","status":"MISS","quotaTotal":24}
{"t":"2026-06-10T19:57:05.217Z","coord":{"z":14,"x":8503,"y":5840},"type":"sat","status":"MISS","quotaTotal":25}
{"t":"2026-06-10T19:57:12.302Z","coord":{"z":14,"x":8504,"y":5840},"type":"dem","status":"MISS","quotaTotal":26}
{"t":"2026-06-10T19:57:12.311Z","coord":{"z":14,"x":8505,"y":5839},"type":"dem","status":"MISS","quotaTotal":27}
{"t":"2026-06-10T19:57:12.314Z","coord":{"z":14,"x":8505,"y":5838},"type":"dem","status":"MISS","quotaTotal":28}
{"t":"2026-06-10T19:57:12.318Z","coord":{"z":14,"x":8504,"y":5841},"type":"dem","status":"MISS","quotaTotal":29}
{"t":"2026-06-10T19:57:12.352Z","coord":{"z":14,"x":8505,"y":5837},"type":"dem","status":"MISS","quotaTotal":30}
{"t":"2026-06-10T19:57:12.576Z","coord":{"z":14,"x":8504,"y":5839},"type":"dem","status":"MISS","quotaTotal":31}
{"t":"2026-06-10T19:57:20.918Z","coord":{"z":14,"x":8504,"y":5840},"type":"sat","status":"MISS","quotaTotal":32}
{"t":"2026-06-10T19:57:20.926Z","coord":{"z":14,"x":8505,"y":5838},"type":"sat","status":"MISS","quotaTotal":33}
{"t":"2026-06-10T19:57:20.931Z","coord":{"z":14,"x":8504,"y":5841},"type":"sat","status":"MISS","quotaTotal":34}
{"t":"2026-06-10T19:57:20.944Z","coord":{"z":14,"x":8505,"y":5837},"type":"sat","status":"MISS","quotaTotal":35}
{"t":"2026-06-10T19:57:20.949Z","coord":{"z":14,"x":8504,"y":5839},"type":"sat","status":"MISS","quotaTotal":36}
{"t":"2026-06-10T19:57:20.958Z","coord":{"z":14,"x":8505,"y":5839},"type":"sat","status":"MISS","quotaTotal":37}
{"t":"2026-06-10T19:57:28.213Z","coord":{"z":14,"x":8506,"y":5837},"type":"dem","status":"MISS","quotaTotal":38}
{"t":"2026-06-10T19:57:28.254Z","coord":{"z":14,"x":8506,"y":5839},"type":"dem","status":"MISS","quotaTotal":39}
{"t":"2026-06-10T19:57:28.260Z","coord":{"z":14,"x":8506,"y":5840},"type":"dem","status":"MISS","quotaTotal":40}
{"t":"2026-06-10T19:57:28.265Z","coord":{"z":14,"x":8506,"y":5838},"type":"dem","status":"MISS","quotaTotal":41}
{"t":"2026-06-10T19:57:28.268Z","coord":{"z":14,"x":8505,"y":5840},"type":"dem","status":"MISS","quotaTotal":42}
{"t":"2026-06-10T19:57:28.282Z","coord":{"z":14,"x":8505,"y":5841},"type":"dem","status":"MISS","quotaTotal":43}
{"t":"2026-06-10T19:57:36.076Z","coord":{"z":14,"x":8506,"y":5838},"type":"sat","status":"MISS","quotaTotal":44}
{"t":"2026-06-10T19:57:36.089Z","coord":{"z":14,"x":8506,"y":5840},"type":"sat","status":"MISS","quotaTotal":45}
{"t":"2026-06-10T19:57:36.096Z","coord":{"z":14,"x":8505,"y":5841},"type":"sat","status":"MISS","quotaTotal":46}
{"t":"2026-06-10T19:57:36.098Z","coord":{"z":14,"x":8505,"y":5840},"type":"sat","status":"MISS","quotaTotal":47}
{"t":"2026-06-10T19:57:36.100Z","coord":{"z":14,"x":8506,"y":5837},"type":"sat","status":"MISS","quotaTotal":48}
{"t":"2026-06-10T19:57:36.112Z","coord":{"z":14,"x":8506,"y":5839},"type":"sat","status":"MISS","quotaTotal":49}
{"t":"2026-06-10T19:57:41.615Z","coord":{"z":14,"x":8506,"y":5841},"type":"dem","status":"MISS","quotaTotal":50}
{"t":"2026-06-10T19:57:43.681Z","coord":{"z":14,"x":8506,"y":5841},"type":"sat","status":"MISS","quotaTotal":51}
{"t":"2026-06-10T20:00:07.510Z","coord":{"z":14,"x":8502,"y":5841},"type":"dem","status":"HIT","quotaTotal":51}
{"t":"2026-06-10T20:00:07.510Z","coord":{"z":14,"x":8502,"y":5837},"type":"dem","status":"HIT","quotaTotal":51}
{"t":"2026-06-10T20:00:07.511Z","coord":{"z":14,"x":8502,"y":5838},"type":"dem","status":"HIT","quotaTotal":51}
{"t":"2026-06-10T20:00:07.512Z","coord":{"z":14,"x":8502,"y":5839},"type":"dem","status":"HIT","quotaTotal":51}
{"t":"2026-06-10T20:00:07.514Z","coord":{"z":14,"x":8502,"y":5840},"type":"dem","status":"HIT","quotaTotal":51}
{"t":"2026-06-10T20:00:07.642Z","coord":{"z":14,"x":8503,"y":5837},"type":"dem","status":"HIT","quotaTotal":51}
{"t":"2026-06-10T20:00:08.276Z","coord":{"z":14,"x":8502,"y":5841},"type":"sat","status":"HIT","quotaTotal":51}
{"t":"2026-06-10T20:00:08.567Z","coord":{"z":14,"x":8502,"y":5839},"type":"sat","status":"HIT","quotaTotal":51}
{"t":"2026-06-10T20:00:08.568Z","coord":{"z":14,"x":8502,"y":5837},"type":"sat","status":"HIT","quotaTotal":51}
{"t":"2026-06-10T20:00:08.650Z","coord":{"z":14,"x":8503,"y":5838},"type":"dem","status":"HIT","quotaTotal":51}
{"t":"2026-06-10T20:00:08.679Z","coord":{"z":14,"x":8503,"y":5837},"type":"sat","status":"HIT","quotaTotal":51}
{"t":"2026-06-10T20:00:08.765Z","coord":{"z":14,"x":8502,"y":5840},"type":"sat","status":"HIT","quotaTotal":51}
{"t":"2026-06-10T20:00:08.812Z","coord":{"z":14,"x":8502,"y":5838},"type":"sat","status":"HIT","quotaTotal":51}
{"t":"2026-06-10T20:00:08.841Z","coord":{"z":14,"x":8503,"y":5839},"type":"dem","status":"HIT","quotaTotal":51}
{"t":"2026-06-10T20:00:08.850Z","coord":{"z":14,"x":8503,"y":5840},"type":"dem","status":"HIT","quotaTotal":51}
{"t":"2026-06-10T20:00:08.989Z","coord":{"z":14,"x":8503,"y":5841},"type":"dem","status":"HIT","quotaTotal":51}
{"t":"2026-06-10T20:00:09.171Z","coord":{"z":14,"x":8504,"y":5837},"type":"dem","status":"HIT","quotaTotal":51}
{"t":"2026-06-10T20:00:09.171Z","coord":{"z":14,"x":8504,"y":5838},"type":"dem","status":"HIT","quotaTotal":51}
{"t":"2026-06-10T20:00:09.622Z","coord":{"z":14,"x":8503,"y":5839},"type":"sat","status":"HIT","quotaTotal":51}
{"t":"2026-06-10T20:00:09.811Z","coord":{"z":14,"x":8504,"y":5837},"type":"sat","status":"HIT","quotaTotal":51}
{"t":"2026-06-10T20:00:09.892Z","coord":{"z":14,"x":8503,"y":5840},"type":"sat","status":"HIT","quotaTotal":51}
{"t":"2026-06-10T20:00:09.894Z","coord":{"z":14,"x":8503,"y":5838},"type":"sat","status":"HIT","quotaTotal":51}
{"t":"2026-06-10T20:00:09.903Z","coord":{"z":14,"x":8504,"y":5839},"type":"dem","status":"HIT","quotaTotal":51}
{"t":"2026-06-10T20:00:09.904Z","coord":{"z":14,"x":8503,"y":5841},"type":"sat","status":"HIT","quotaTotal":51}
{"t":"2026-06-10T20:00:10.069Z","coord":{"z":14,"x":8504,"y":5840},"type":"dem","status":"HIT","quotaTotal":51}
{"t":"2026-06-10T20:00:10.070Z","coord":{"z":14,"x":8504,"y":5838},"type":"sat","status":"HIT","quotaTotal":51}
{"t":"2026-06-10T20:00:10.160Z","coord":{"z":14,"x":8504,"y":5841},"type":"dem","status":"HIT","quotaTotal":51}
{"t":"2026-06-10T20:00:10.169Z","coord":{"z":14,"x":8505,"y":5837},"type":"dem","status":"HIT","quotaTotal":51}
{"t":"2026-06-10T20:00:10.299Z","coord":{"z":14,"x":8505,"y":5838},"type":"dem","status":"HIT","quotaTotal":51}
{"t":"2026-06-10T20:00:10.441Z","coord":{"z":14,"x":8505,"y":5839},"type":"dem","status":"HIT","quotaTotal":51}
{"t":"2026-06-10T20:00:10.750Z","coord":{"z":14,"x":8504,"y":5840},"type":"sat","status":"HIT","quotaTotal":51}
{"t":"2026-06-10T20:00:10.837Z","coord":{"z":14,"x":8504,"y":5839},"type":"sat","status":"HIT","quotaTotal":51}
{"t":"2026-06-10T20:00:10.882Z","coord":{"z":14,"x":8504,"y":5841},"type":"sat","status":"HIT","quotaTotal":51}
{"t":"2026-06-10T20:00:10.934Z","coord":{"z":14,"x":8505,"y":5837},"type":"sat","status":"HIT","quotaTotal":51}
{"t":"2026-06-10T20:00:10.970Z","coord":{"z":14,"x":8505,"y":5839},"type":"sat","status":"HIT","quotaTotal":51}
{"t":"2026-06-10T20:00:10.971Z","coord":{"z":14,"x":8505,"y":5838},"type":"sat","status":"HIT","quotaTotal":51}
{"t":"2026-06-10T20:00:11.061Z","coord":{"z":14,"x":8505,"y":5840},"type":"dem","status":"HIT","quotaTotal":51}
{"t":"2026-06-10T20:00:11.181Z","coord":{"z":14,"x":8505,"y":5841},"type":"dem","status":"HIT","quotaTotal":51}
{"t":"2026-06-10T20:00:11.182Z","coord":{"z":14,"x":8506,"y":5837},"type":"dem","status":"HIT","quotaTotal":51}
{"t":"2026-06-10T20:00:11.289Z","coord":{"z":14,"x":8506,"y":5838},"type":"dem","status":"HIT","quotaTotal":51}
{"t":"2026-06-10T20:00:11.338Z","coord":{"z":14,"x":8506,"y":5839},"type":"dem","status":"HIT","quotaTotal":51}
{"t":"2026-06-10T20:00:11.526Z","coord":{"z":14,"x":8506,"y":5840},"type":"dem","status":"HIT","quotaTotal":51}
{"t":"2026-06-10T20:00:11.606Z","coord":{"z":14,"x":8506,"y":5838},"type":"sat","status":"HIT","quotaTotal":51}
{"t":"2026-06-10T20:00:11.811Z","coord":{"z":14,"x":8505,"y":5840},"type":"sat","status":"HIT","quotaTotal":51}
{"t":"2026-06-10T20:00:11.976Z","coord":{"z":14,"x":8506,"y":5839},"type":"sat","status":"HIT","quotaTotal":51}
{"t":"2026-06-10T20:00:12.050Z","coord":{"z":14,"x":8506,"y":5841},"type":"dem","status":"HIT","quotaTotal":51}
{"t":"2026-06-10T20:00:12.055Z","coord":{"z":14,"x":8505,"y":5841},"type":"sat","status":"HIT","quotaTotal":51}
{"t":"2026-06-10T20:00:12.057Z","coord":{"z":14,"x":8506,"y":5837},"type":"sat","status":"HIT","quotaTotal":51}
{"t":"2026-06-10T20:00:12.228Z","coord":{"z":14,"x":8506,"y":5840},"type":"sat","status":"HIT","quotaTotal":51}
{"t":"2026-06-10T20:00:12.896Z","coord":{"z":14,"x":8506,"y":5841},"type":"sat","status":"HIT","quotaTotal":51}
{"t":"2026-06-11T04:03:04.238Z","coord":{"z":14,"x":8502,"y":5837},"type":"dem","status":"HIT","quotaTotal":51}
{"t":"2026-06-11T04:03:04.332Z","coord":{"z":14,"x":8502,"y":5838},"type":"dem","status":"HIT","quotaTotal":51}
{"t":"2026-06-11T04:03:04.333Z","coord":{"z":14,"x":8502,"y":5839},"type":"dem","status":"HIT","quotaTotal":51}
{"t":"2026-06-11T04:03:04.341Z","coord":{"z":14,"x":8502,"y":5840},"type":"dem","status":"HIT","quotaTotal":51}
{"t":"2026-06-11T04:03:04.342Z","coord":{"z":14,"x":8502,"y":5841},"type":"dem","status":"HIT","quotaTotal":51}
{"t":"2026-06-11T04:03:04.344Z","coord":{"z":14,"x":8503,"y":5837},"type":"dem","status":"HIT","quotaTotal":51}
{"t":"2026-06-11T04:03:06.116Z","coord":{"z":14,"x":8502,"y":5837},"type":"sat","status":"HIT","quotaTotal":51}
{"t":"2026-06-11T04:03:06.127Z","coord":{"z":14,"x":8502,"y":5838},"type":"sat","status":"HIT","quotaTotal":51}
{"t":"2026-06-11T04:03:06.129Z","coord":{"z":14,"x":8502,"y":5839},"type":"sat","status":"HIT","quotaTotal":51}
{"t":"2026-06-11T04:03:06.133Z","coord":{"z":14,"x":8502,"y":5840},"type":"sat","status":"HIT","quotaTotal":51}
{"t":"2026-06-11T04:03:06.143Z","coord":{"z":14,"x":8502,"y":5841},"type":"sat","status":"HIT","quotaTotal":51}
{"t":"2026-06-11T04:03:06.150Z","coord":{"z":14,"x":8503,"y":5837},"type":"sat","status":"HIT","quotaTotal":51}
{"t":"2026-06-11T04:03:10.028Z","coord":{"z":14,"x":8503,"y":5838},"type":"dem","status":"HIT","quotaTotal":51}
{"t":"2026-06-11T04:03:10.030Z","coord":{"z":14,"x":8503,"y":5839},"type":"dem","status":"HIT","quotaTotal":51}
{"t":"2026-06-11T04:03:10.038Z","coord":{"z":14,"x":8503,"y":5840},"type":"dem","status":"HIT","quotaTotal":51}
{"t":"2026-06-11T04:03:10.044Z","coord":{"z":14,"x":8503,"y":5841},"type":"dem","status":"HIT","quotaTotal":51}
{"t":"2026-06-11T04:03:10.055Z","coord":{"z":14,"x":8504,"y":5837},"type":"dem","status":"HIT","quotaTotal":51}
{"t":"2026-06-11T04:03:10.065Z","coord":{"z":14,"x":8504,"y":5838},"type":"dem","status":"HIT","quotaTotal":51}
{"t":"2026-06-11T04:03:15.000Z","coord":{"z":14,"x":8503,"y":5838},"type":"sat","status":"HIT","quotaTotal":51}
{"t":"2026-06-11T04:03:15.020Z","coord":{"z":14,"x":8503,"y":5840},"type":"sat","status":"HIT","quotaTotal":51}
{"t":"2026-06-11T04:03:15.031Z","coord":{"z":14,"x":8503,"y":5839},"type":"sat","status":"HIT","quotaTotal":51}
{"t":"2026-06-11T04:03:15.040Z","coord":{"z":14,"x":8504,"y":5838},"type":"sat","status":"HIT","quotaTotal":51}
{"t":"2026-06-11T04:03:15.043Z","coord":{"z":14,"x":8504,"y":5837},"type":"sat","status":"HIT","quotaTotal":51}
{"t":"2026-06-11T04:03:15.050Z","coord":{"z":14,"x":8503,"y":5841},"type":"sat","status":"HIT","quotaTotal":51}
{"t":"2026-06-11T04:03:23.690Z","coord":{"z":14,"x":8504,"y":5839},"type":"dem","status":"HIT","quotaTotal":51}
{"t":"2026-06-11T04:03:23.691Z","coord":{"z":14,"x":8504,"y":5840},"type":"dem","status":"HIT","quotaTotal":51}
{"t":"2026-06-11T04:03:23.694Z","coord":{"z":14,"x":8504,"y":5841},"type":"dem","status":"HIT","quotaTotal":51}
{"t":"2026-06-11T04:03:23.698Z","coord":{"z":14,"x":8505,"y":5837},"type":"dem","status":"HIT","quotaTotal":51}
{"t":"2026-06-11T04:03:23.699Z","coord":{"z":14,"x":8505,"y":5838},"type":"dem","status":"HIT","quotaTotal":51}
{"t":"2026-06-11T04:03:23.702Z","coord":{"z":14,"x":8505,"y":5839},"type":"dem","status":"HIT","quotaTotal":51}
{"t":"2026-06-11T04:03:36.410Z","coord":{"z":14,"x":8504,"y":5839},"type":"sat","status":"HIT","quotaTotal":51}
{"t":"2026-06-11T04:03:36.412Z","coord":{"z":14,"x":8504,"y":5840},"type":"sat","status":"HIT","quotaTotal":51}
{"t":"2026-06-11T04:03:36.413Z","coord":{"z":14,"x":8504,"y":5841},"type":"sat","status":"HIT","quotaTotal":51}
{"t":"2026-06-11T04:03:36.414Z","coord":{"z":14,"x":8505,"y":5837},"type":"sat","status":"HIT","quotaTotal":51}
{"t":"2026-06-11T04:03:36.415Z","coord":{"z":14,"x":8505,"y":5839},"type":"sat","status":"HIT","quotaTotal":51}
{"t":"2026-06-11T04:03:36.417Z","coord":{"z":14,"x":8505,"y":5838},"type":"sat","status":"HIT","quotaTotal":51}
{"t":"2026-06-11T04:03:53.150Z","coord":{"z":14,"x":8505,"y":5840},"type":"dem","status":"HIT","quotaTotal":51}
{"t":"2026-06-11T04:03:53.168Z","coord":{"z":14,"x":8505,"y":5841},"type":"dem","status":"HIT","quotaTotal":51}
{"t":"2026-06-11T04:03:53.171Z","coord":{"z":14,"x":8506,"y":5837},"type":"dem","status":"HIT","quotaTotal":51}
{"t":"2026-06-11T04:03:53.175Z","coord":{"z":14,"x":8506,"y":5838},"type":"dem","status":"HIT","quotaTotal":51}
{"t":"2026-06-11T04:03:53.176Z","coord":{"z":14,"x":8506,"y":5839},"type":"dem","status":"HIT","quotaTotal":51}
{"t":"2026-06-11T04:03:53.177Z","coord":{"z":14,"x":8506,"y":5840},"type":"dem","status":"HIT","quotaTotal":51}
{"t":"2026-06-11T04:12:00.800Z","coord":{"z":14,"x":8502,"y":5837},"type":"dem","status":"HIT","quotaTotal":51}
{"t":"2026-06-11T04:12:00.801Z","coord":{"z":14,"x":8502,"y":5838},"type":"dem","status":"HIT","quotaTotal":51}
{"t":"2026-06-11T04:12:00.995Z","coord":{"z":14,"x":8502,"y":5839},"type":"dem","status":"HIT","quotaTotal":51}
{"t":"2026-06-11T04:12:00.996Z","coord":{"z":14,"x":8502,"y":5840},"type":"dem","status":"HIT","quotaTotal":51}
{"t":"2026-06-11T04:12:00.996Z","coord":{"z":14,"x":8502,"y":5841},"type":"dem","status":"HIT","quotaTotal":51}
{"t":"2026-06-11T04:12:00.997Z","coord":{"z":14,"x":8503,"y":5837},"type":"dem","status":"HIT","quotaTotal":51}
{"t":"2026-06-11T04:12:02.166Z","coord":{"z":14,"x":8502,"y":5837},"type":"sat","status":"HIT","quotaTotal":51}
{"t":"2026-06-11T04:12:02.167Z","coord":{"z":14,"x":8502,"y":5838},"type":"sat","status":"HIT","quotaTotal":51}
{"t":"2026-06-11T04:12:02.265Z","coord":{"z":14,"x":8502,"y":5840},"type":"sat","status":"HIT","quotaTotal":51}
{"t":"2026-06-11T04:12:02.284Z","coord":{"z":14,"x":8502,"y":5839},"type":"sat","status":"HIT","quotaTotal":51}
{"t":"2026-06-11T04:12:02.617Z","coord":{"z":14,"x":8502,"y":5841},"type":"sat","status":"HIT","quotaTotal":51}
{"t":"2026-06-11T04:12:02.619Z","coord":{"z":14,"x":8503,"y":5838},"type":"dem","status":"HIT","quotaTotal":51}
{"t":"2026-06-11T04:12:02.619Z","coord":{"z":14,"x":8503,"y":5837},"type":"sat","status":"HIT","quotaTotal":51}
{"t":"2026-06-11T04:12:02.620Z","coord":{"z":14,"x":8503,"y":5839},"type":"dem","status":"HIT","quotaTotal":51}
{"t":"2026-06-11T04:12:02.670Z","coord":{"z":14,"x":8503,"y":5840},"type":"dem","status":"HIT","quotaTotal":51}
{"t":"2026-06-11T04:12:02.670Z","coord":{"z":14,"x":8503,"y":5841},"type":"dem","status":"HIT","quotaTotal":51}
{"t":"2026-06-11T04:12:02.905Z","coord":{"z":14,"x":8504,"y":5837},"type":"dem","status":"HIT","quotaTotal":51}
{"t":"2026-06-11T04:12:03.081Z","coord":{"z":14,"x":8504,"y":5838},"type":"dem","status":"HIT","quotaTotal":51}
{"t":"2026-06-11T04:12:03.302Z","coord":{"z":14,"x":8503,"y":5838},"type":"sat","status":"HIT","quotaTotal":51}
{"t":"2026-06-11T04:12:03.423Z","coord":{"z":14,"x":8503,"y":5841},"type":"sat","status":"HIT","quotaTotal":51}
{"t":"2026-06-11T04:12:03.487Z","coord":{"z":14,"x":8503,"y":5839},"type":"sat","status":"HIT","quotaTotal":51}
{"t":"2026-06-11T04:12:03.515Z","coord":{"z":14,"x":8504,"y":5837},"type":"sat","status":"HIT","quotaTotal":51}
{"t":"2026-06-11T04:12:03.640Z","coord":{"z":14,"x":8504,"y":5839},"type":"dem","status":"HIT","quotaTotal":51}
{"t":"2026-06-11T04:12:04.146Z","coord":{"z":14,"x":8504,"y":5840},"type":"dem","status":"HIT","quotaTotal":51}
{"t":"2026-06-11T04:12:04.147Z","coord":{"z":14,"x":8504,"y":5838},"type":"sat","status":"HIT","quotaTotal":51}
{"t":"2026-06-11T04:12:04.147Z","coord":{"z":14,"x":8504,"y":5841},"type":"dem","status":"HIT","quotaTotal":51}
{"t":"2026-06-11T04:12:04.147Z","coord":{"z":14,"x":8505,"y":5837},"type":"dem","status":"HIT","quotaTotal":51}
{"t":"2026-06-11T04:12:04.429Z","coord":{"z":14,"x":8504,"y":5839},"type":"sat","status":"HIT","quotaTotal":51}
{"t":"2026-06-11T04:12:04.628Z","coord":{"z":14,"x":8505,"y":5838},"type":"dem","status":"HIT","quotaTotal":51}
{"t":"2026-06-11T04:12:04.778Z","coord":{"z":14,"x":8505,"y":5839},"type":"dem","status":"HIT","quotaTotal":51}
{"t":"2026-06-11T04:12:05.049Z","coord":{"z":14,"x":8504,"y":5841},"type":"sat","status":"HIT","quotaTotal":51}
{"t":"2026-06-11T04:12:05.051Z","coord":{"z":14,"x":8505,"y":5837},"type":"sat","status":"HIT","quotaTotal":51}
{"t":"2026-06-11T04:12:05.158Z","coord":{"z":14,"x":8504,"y":5840},"type":"sat","status":"HIT","quotaTotal":51}
{"t":"2026-06-11T04:12:05.420Z","coord":{"z":14,"x":8505,"y":5840},"type":"dem","status":"HIT","quotaTotal":51}
{"t":"2026-06-11T04:12:05.847Z","coord":{"z":14,"x":8505,"y":5841},"type":"dem","status":"HIT","quotaTotal":51}
{"t":"2026-06-11T04:12:05.871Z","coord":{"z":14,"x":8503,"y":5840},"type":"sat","status":"HIT","quotaTotal":51}
{"t":"2026-06-11T04:12:05.872Z","coord":{"z":14,"x":8506,"y":5837},"type":"dem","status":"HIT","quotaTotal":51}
{"t":"2026-06-11T04:12:05.919Z","coord":{"z":14,"x":8505,"y":5839},"type":"sat","status":"HIT","quotaTotal":51}
{"t":"2026-06-11T04:12:06.039Z","coord":{"z":14,"x":8505,"y":5838},"type":"sat","status":"HIT","quotaTotal":51}
{"t":"2026-06-11T04:12:06.088Z","coord":{"z":14,"x":8505,"y":5840},"type":"sat","status":"HIT","quotaTotal":51}
{"t":"2026-06-11T04:12:06.450Z","coord":{"z":14,"x":8506,"y":5838},"type":"dem","status":"HIT","quotaTotal":51}
{"t":"2026-06-11T04:12:06.737Z","coord":{"z":14,"x":8506,"y":5839},"type":"dem","status":"HIT","quotaTotal":51}
{"t":"2026-06-11T04:12:06.737Z","coord":{"z":14,"x":8506,"y":5840},"type":"dem","status":"HIT","quotaTotal":51}
{"t":"2026-06-11T04:12:06.990Z","coord":{"z":14,"x":8506,"y":5841},"type":"dem","status":"HIT","quotaTotal":51}
{"t":"2026-06-11T04:12:06.990Z","coord":{"z":14,"x":8505,"y":5841},"type":"sat","status":"HIT","quotaTotal":51}
{"t":"2026-06-11T04:12:07.021Z","coord":{"z":14,"x":8506,"y":5837},"type":"sat","status":"HIT","quotaTotal":51}
{"t":"2026-06-11T04:12:07.621Z","coord":{"z":14,"x":8506,"y":5838},"type":"sat","status":"HIT","quotaTotal":51}
{"t":"2026-06-11T04:12:07.621Z","coord":{"z":14,"x":8506,"y":5839},"type":"sat","status":"HIT","quotaTotal":51}
{"t":"2026-06-11T04:12:07.671Z","coord":{"z":14,"x":8506,"y":5840},"type":"sat","status":"HIT","quotaTotal":51}
{"t":"2026-06-11T04:12:08.845Z","coord":{"z":14,"x":8506,"y":5841},"type":"sat","status":"HIT","quotaTotal":51}
{"t":"2026-06-11T04:32:27.676Z","coord":{"z":14,"x":8502,"y":5837},"type":"dem","status":"HIT","quotaTotal":51}
{"t":"2026-06-11T04:32:27.775Z","coord":{"z":14,"x":8502,"y":5838},"type":"dem","status":"HIT","quotaTotal":51}
{"t":"2026-06-11T04:32:27.788Z","coord":{"z":14,"x":8502,"y":5839},"type":"dem","status":"HIT","quotaTotal":51}
{"t":"2026-06-11T04:32:27.789Z","coord":{"z":14,"x":8502,"y":5840},"type":"dem","status":"HIT","quotaTotal":51}
{"t":"2026-06-11T04:32:27.791Z","coord":{"z":14,"x":8502,"y":5841},"type":"dem","status":"HIT","quotaTotal":51}
{"t":"2026-06-11T04:32:27.792Z","coord":{"z":14,"x":8503,"y":5837},"type":"dem","status":"HIT","quotaTotal":51}
{"t":"2026-06-11T04:32:29.541Z","coord":{"z":14,"x":8502,"y":5837},"type":"sat","status":"HIT","quotaTotal":51}
{"t":"2026-06-11T04:32:29.557Z","coord":{"z":14,"x":8502,"y":5838},"type":"sat","status":"HIT","quotaTotal":51}
{"t":"2026-06-11T04:32:29.561Z","coord":{"z":14,"x":8502,"y":5839},"type":"sat","status":"HIT","quotaTotal":51}
{"t":"2026-06-11T04:32:29.564Z","coord":{"z":14,"x":8503,"y":5837},"type":"sat","status":"HIT","quotaTotal":51}
{"t":"2026-06-11T04:32:29.573Z","coord":{"z":14,"x":8502,"y":5841},"type":"sat","status":"HIT","quotaTotal":51}
{"t":"2026-06-11T04:32:29.584Z","coord":{"z":14,"x":8502,"y":5840},"type":"sat","status":"HIT","quotaTotal":51}
{"t":"2026-06-11T04:32:32.691Z","coord":{"z":14,"x":8503,"y":5838},"type":"dem","status":"HIT","quotaTotal":51}
{"t":"2026-06-11T04:32:32.697Z","coord":{"z":14,"x":8503,"y":5839},"type":"dem","status":"HIT","quotaTotal":51}
{"t":"2026-06-11T04:32:32.699Z","coord":{"z":14,"x":8503,"y":5840},"type":"dem","status":"HIT","quotaTotal":51}
{"t":"2026-06-11T04:32:32.704Z","coord":{"z":14,"x":8503,"y":5841},"type":"dem","status":"HIT","quotaTotal":51}
{"t":"2026-06-11T04:32:32.705Z","coord":{"z":14,"x":8504,"y":5837},"type":"dem","status":"HIT","quotaTotal":51}
{"t":"2026-06-11T04:32:32.709Z","coord":{"z":14,"x":8504,"y":5838},"type":"dem","status":"HIT","quotaTotal":51}
{"t":"2026-06-11T04:32:35.369Z","coord":{"z":14,"x":8503,"y":5838},"type":"sat","status":"HIT","quotaTotal":51}
{"t":"2026-06-11T04:32:35.371Z","coord":{"z":14,"x":8503,"y":5839},"type":"sat","status":"HIT","quotaTotal":51}
{"t":"2026-06-11T04:32:35.384Z","coord":{"z":14,"x":8503,"y":5841},"type":"sat","status":"HIT","quotaTotal":51}
{"t":"2026-06-11T04:32:35.387Z","coord":{"z":14,"x":8504,"y":5838},"type":"sat","status":"HIT","quotaTotal":51}
{"t":"2026-06-11T04:32:35.390Z","coord":{"z":14,"x":8503,"y":5840},"type":"sat","status":"HIT","quotaTotal":51}
{"t":"2026-06-11T04:32:35.391Z","coord":{"z":14,"x":8504,"y":5837},"type":"sat","status":"HIT","quotaTotal":51}
{"t":"2026-06-11T04:32:37.914Z","coord":{"z":14,"x":8504,"y":5839},"type":"dem","status":"HIT","quotaTotal":51}
{"t":"2026-06-11T04:32:37.921Z","coord":{"z":14,"x":8504,"y":5840},"type":"dem","status":"HIT","quotaTotal":51}
{"t":"2026-06-11T04:32:37.934Z","coord":{"z":14,"x":8504,"y":5841},"type":"dem","status":"HIT","quotaTotal":51}
{"t":"2026-06-11T04:32:37.945Z","coord":{"z":14,"x":8505,"y":5837},"type":"dem","status":"HIT","quotaTotal":51}
{"t":"2026-06-11T04:32:37.951Z","coord":{"z":14,"x":8505,"y":5838},"type":"dem","status":"HIT","quotaTotal":51}
{"t":"2026-06-11T04:32:37.953Z","coord":{"z":14,"x":8505,"y":5839},"type":"dem","status":"HIT","quotaTotal":51}
{"t":"2026-06-11T04:32:40.035Z","coord":{"z":14,"x":8504,"y":5839},"type":"sat","status":"HIT","quotaTotal":51}
{"t":"2026-06-11T04:32:40.038Z","coord":{"z":14,"x":8504,"y":5840},"type":"sat","status":"HIT","quotaTotal":51}
{"t":"2026-06-11T04:32:40.046Z","coord":{"z":14,"x":8505,"y":5837},"type":"sat","status":"HIT","quotaTotal":51}
{"t":"2026-06-11T04:32:40.049Z","coord":{"z":14,"x":8505,"y":5838},"type":"sat","status":"HIT","quotaTotal":51}
{"t":"2026-06-11T04:32:40.049Z","coord":{"z":14,"x":8505,"y":5839},"type":"sat","status":"HIT","quotaTotal":51}
{"t":"2026-06-11T04:32:40.050Z","coord":{"z":14,"x":8504,"y":5841},"type":"sat","status":"HIT","quotaTotal":51}
{"t":"2026-06-11T04:32:42.577Z","coord":{"z":14,"x":8505,"y":5840},"type":"dem","status":"HIT","quotaTotal":51}
{"t":"2026-06-11T04:32:42.580Z","coord":{"z":14,"x":8505,"y":5841},"type":"dem","status":"HIT","quotaTotal":51}
{"t":"2026-06-11T04:32:42.593Z","coord":{"z":14,"x":8506,"y":5837},"type":"dem","status":"HIT","quotaTotal":51}
{"t":"2026-06-11T04:32:42.594Z","coord":{"z":14,"x":8506,"y":5838},"type":"dem","status":"HIT","quotaTotal":51}
{"t":"2026-06-11T04:32:42.596Z","coord":{"z":14,"x":8506,"y":5839},"type":"dem","status":"HIT","quotaTotal":51}
{"t":"2026-06-11T04:32:42.597Z","coord":{"z":14,"x":8506,"y":5840},"type":"dem","status":"HIT","quotaTotal":51}
{"t":"2026-06-11T04:32:44.469Z","coord":{"z":14,"x":8505,"y":5840},"type":"sat","status":"HIT","quotaTotal":51}
{"t":"2026-06-11T04:32:44.470Z","coord":{"z":14,"x":8505,"y":5841},"type":"sat","status":"HIT","quotaTotal":51}
{"t":"2026-06-11T04:32:44.472Z","coord":{"z":14,"x":8506,"y":5837},"type":"sat","status":"HIT","quotaTotal":51}
{"t":"2026-06-11T04:32:44.472Z","coord":{"z":14,"x":8506,"y":5839},"type":"sat","status":"HIT","quotaTotal":51}
{"t":"2026-06-11T04:32:44.473Z","coord":{"z":14,"x":8506,"y":5838},"type":"sat","status":"HIT","quotaTotal":51}
{"t":"2026-06-11T04:32:44.473Z","coord":{"z":14,"x":8506,"y":5840},"type":"sat","status":"HIT","quotaTotal":51}
{"t":"2026-06-11T04:32:47.499Z","coord":{"z":14,"x":8506,"y":5841},"type":"dem","status":"HIT","quotaTotal":51}
{"t":"2026-06-11T04:32:48.431Z","coord":{"z":14,"x":8506,"y":5841},"type":"sat","status":"HIT","quotaTotal":51}
{"t":"2026-06-11T06:21:14.072Z","coord":{"z":14,"x":8502,"y":5837},"type":"dem","status":"HIT","quotaTotal":51}
{"t":"2026-06-11T06:21:14.082Z","coord":{"z":14,"x":8502,"y":5838},"type":"dem","status":"HIT","quotaTotal":51}
{"t":"2026-06-11T06:21:14.084Z","coord":{"z":14,"x":8502,"y":5841},"type":"dem","status":"HIT","quotaTotal":51}
{"t":"2026-06-11T06:21:14.085Z","coord":{"z":14,"x":8502,"y":5840},"type":"dem","status":"HIT","quotaTotal":51}
{"t":"2026-06-11T06:21:14.085Z","coord":{"z":14,"x":8502,"y":5839},"type":"dem","status":"HIT","quotaTotal":51}
{"t":"2026-06-11T06:21:14.255Z","coord":{"z":14,"x":8503,"y":5837},"type":"dem","status":"HIT","quotaTotal":51}
{"t":"2026-06-11T06:21:14.316Z","coord":{"z":14,"x":8502,"y":5838},"type":"sat","status":"HIT","quotaTotal":51}
{"t":"2026-06-11T06:21:14.522Z","coord":{"z":14,"x":8503,"y":5838},"type":"dem","status":"HIT","quotaTotal":51}
{"t":"2026-06-11T06:21:14.777Z","coord":{"z":14,"x":8503,"y":5838},"type":"sat","status":"HIT","quotaTotal":51}
{"t":"2026-06-11T06:21:14.822Z","coord":{"z":14,"x":8502,"y":5837},"type":"sat","status":"HIT","quotaTotal":51}
{"t":"2026-06-11T06:21:14.848Z","coord":{"z":14,"x":8502,"y":5840},"type":"sat","status":"HIT","quotaTotal":51}
{"t":"2026-06-11T06:21:14.871Z","coord":{"z":14,"x":8502,"y":5839},"type":"sat","status":"HIT","quotaTotal":51}
{"t":"2026-06-11T06:21:14.921Z","coord":{"z":14,"x":8502,"y":5841},"type":"sat","status":"HIT","quotaTotal":51}
{"t":"2026-06-11T06:21:15.018Z","coord":{"z":14,"x":8503,"y":5839},"type":"dem","status":"HIT","quotaTotal":51}
{"t":"2026-06-11T06:21:15.058Z","coord":{"z":14,"x":8503,"y":5837},"type":"sat","status":"HIT","quotaTotal":51}
{"t":"2026-06-11T06:21:15.246Z","coord":{"z":14,"x":8504,"y":5837},"type":"dem","status":"HIT","quotaTotal":51}
{"t":"2026-06-11T06:21:15.247Z","coord":{"z":14,"x":8503,"y":5841},"type":"dem","status":"HIT","quotaTotal":51}
{"t":"2026-06-11T06:21:15.254Z","coord":{"z":14,"x":8503,"y":5840},"type":"dem","status":"HIT","quotaTotal":51}
{"t":"2026-06-11T06:21:15.324Z","coord":{"z":14,"x":8504,"y":5838},"type":"dem","status":"HIT","quotaTotal":51}
{"t":"2026-06-11T06:21:15.325Z","coord":{"z":14,"x":8503,"y":5839},"type":"sat","status":"HIT","quotaTotal":51}
{"t":"2026-06-11T06:21:15.326Z","coord":{"z":14,"x":8504,"y":5839},"type":"dem","status":"HIT","quotaTotal":51}
{"t":"2026-06-11T06:21:15.471Z","coord":{"z":14,"x":8504,"y":5837},"type":"sat","status":"HIT","quotaTotal":51}
{"t":"2026-06-11T06:21:15.485Z","coord":{"z":14,"x":8503,"y":5840},"type":"sat","status":"HIT","quotaTotal":51}
{"t":"2026-06-11T06:21:15.557Z","coord":{"z":14,"x":8504,"y":5840},"type":"dem","status":"HIT","quotaTotal":51}
{"t":"2026-06-11T06:21:15.810Z","coord":{"z":14,"x":8504,"y":5841},"type":"dem","status":"HIT","quotaTotal":51}
{"t":"2026-06-11T06:21:15.811Z","coord":{"z":14,"x":8505,"y":5837},"type":"dem","status":"HIT","quotaTotal":51}
{"t":"2026-06-11T06:21:15.839Z","coord":{"z":14,"x":8504,"y":5838},"type":"sat","status":"HIT","quotaTotal":51}
{"t":"2026-06-11T06:21:15.922Z","coord":{"z":14,"x":8504,"y":5839},"type":"sat","status":"HIT","quotaTotal":51}
{"t":"2026-06-11T06:21:15.948Z","coord":{"z":14,"x":8504,"y":5840},"type":"sat","status":"HIT","quotaTotal":51}
{"t":"2026-06-11T06:21:16.027Z","coord":{"z":14,"x":8505,"y":5837},"type":"sat","status":"HIT","quotaTotal":51}
{"t":"2026-06-11T06:21:16.165Z","coord":{"z":14,"x":8504,"y":5841},"type":"sat","status":"HIT","quotaTotal":51}
{"t":"2026-06-11T06:21:16.167Z","coord":{"z":14,"x":8505,"y":5838},"type":"dem","status":"HIT","quotaTotal":51}
{"t":"2026-06-11T06:21:16.212Z","coord":{"z":14,"x":8505,"y":5839},"type":"dem","status":"HIT","quotaTotal":51}
{"t":"2026-06-11T06:21:16.271Z","coord":{"z":14,"x":8505,"y":5840},"type":"dem","status":"HIT","quotaTotal":51}
{"t":"2026-06-11T06:21:16.410Z","coord":{"z":14,"x":8505,"y":5841},"type":"dem","status":"HIT","quotaTotal":51}
{"t":"2026-06-11T06:21:16.576Z","coord":{"z":14,"x":8506,"y":5837},"type":"dem","status":"HIT","quotaTotal":51}
{"t":"2026-06-11T06:21:16.577Z","coord":{"z":14,"x":8505,"y":5838},"type":"sat","status":"HIT","quotaTotal":51}
{"t":"2026-06-11T06:21:16.635Z","coord":{"z":14,"x":8505,"y":5840},"type":"sat","status":"HIT","quotaTotal":51}
{"t":"2026-06-11T06:21:16.638Z","coord":{"z":14,"x":8505,"y":5839},"type":"sat","status":"HIT","quotaTotal":51}
{"t":"2026-06-11T06:21:16.662Z","coord":{"z":14,"x":8505,"y":5841},"type":"sat","status":"HIT","quotaTotal":51}
{"t":"2026-06-11T06:21:16.849Z","coord":{"z":14,"x":8506,"y":5838},"type":"dem","status":"HIT","quotaTotal":51}
{"t":"2026-06-11T06:21:17.089Z","coord":{"z":14,"x":8506,"y":5837},"type":"sat","status":"HIT","quotaTotal":51}
{"t":"2026-06-11T06:21:17.092Z","coord":{"z":14,"x":8506,"y":5840},"type":"dem","status":"HIT","quotaTotal":51}
{"t":"2026-06-11T06:21:17.093Z","coord":{"z":14,"x":8506,"y":5839},"type":"dem","status":"HIT","quotaTotal":51}
{"t":"2026-06-11T06:21:17.093Z","coord":{"z":14,"x":8506,"y":5841},"type":"dem","status":"HIT","quotaTotal":51}
{"t":"2026-06-11T06:21:17.227Z","coord":{"z":14,"x":8506,"y":5838},"type":"sat","status":"HIT","quotaTotal":51}
{"t":"2026-06-11T06:21:17.283Z","coord":{"z":14,"x":8503,"y":5841},"type":"sat","status":"HIT","quotaTotal":51}
{"t":"2026-06-11T06:21:17.672Z","coord":{"z":14,"x":8506,"y":5839},"type":"sat","status":"HIT","quotaTotal":51}
{"t":"2026-06-11T06:21:17.678Z","coord":{"z":14,"x":8506,"y":5840},"type":"sat","status":"HIT","quotaTotal":51}
{"t":"2026-06-11T06:21:18.169Z","coord":{"z":14,"x":8506,"y":5841},"type":"sat","status":"HIT","quotaTotal":51}
{"t":"2026-06-11T15:35:32.638Z","coord":{"z":14,"x":8506,"y":5838},"type":"dem","status":"HIT","quotaTotal":51}
{"t":"2026-06-11T15:35:56.332Z","coord":{"z":14,"x":8506,"y":5838},"type":"dem","status":"HIT","quotaTotal":51}
{"t":"2026-06-11T15:35:56.588Z","coord":{"z":14,"x":8506,"y":5838},"type":"dem","status":"HIT","quotaTotal":51}
{"t":"2026-06-11T15:38:32.373Z","coord":{"z":14,"x":8502,"y":5840},"type":"dem","status":"HIT","quotaTotal":51}
{"t":"2026-06-11T15:38:32.376Z","coord":{"z":14,"x":8502,"y":5839},"type":"dem","status":"HIT","quotaTotal":51}
{"t":"2026-06-11T15:38:32.377Z","coord":{"z":14,"x":8502,"y":5837},"type":"dem","status":"HIT","quotaTotal":51}
{"t":"2026-06-11T15:38:32.378Z","coord":{"z":14,"x":8502,"y":5838},"type":"dem","status":"HIT","quotaTotal":51}
{"t":"2026-06-11T15:38:32.378Z","coord":{"z":14,"x":8502,"y":5841},"type":"dem","status":"HIT","quotaTotal":51}
{"t":"2026-06-11T15:38:32.380Z","coord":{"z":14,"x":8503,"y":5837},"type":"dem","status":"HIT","quotaTotal":51}
{"t":"2026-06-11T15:38:32.849Z","coord":{"z":14,"x":8502,"y":5837},"type":"sat","status":"HIT","quotaTotal":51}
{"t":"2026-06-11T15:38:32.851Z","coord":{"z":14,"x":8502,"y":5838},"type":"sat","status":"HIT","quotaTotal":51}
{"t":"2026-06-11T15:38:32.852Z","coord":{"z":14,"x":8502,"y":5839},"type":"sat","status":"HIT","quotaTotal":51}
{"t":"2026-06-11T15:38:32.853Z","coord":{"z":14,"x":8502,"y":5841},"type":"sat","status":"HIT","quotaTotal":51}
{"t":"2026-06-11T15:38:32.854Z","coord":{"z":14,"x":8503,"y":5837},"type":"sat","status":"HIT","quotaTotal":51}
{"t":"2026-06-11T15:38:32.855Z","coord":{"z":14,"x":8502,"y":5840},"type":"sat","status":"HIT","quotaTotal":51}
{"t":"2026-06-11T15:38:33.311Z","coord":{"z":14,"x":8503,"y":5838},"type":"dem","status":"HIT","quotaTotal":51}
{"t":"2026-06-11T15:38:33.622Z","coord":{"z":14,"x":8503,"y":5839},"type":"dem","status":"HIT","quotaTotal":51}
{"t":"2026-06-11T15:38:33.626Z","coord":{"z":14,"x":8504,"y":5837},"type":"dem","status":"HIT","quotaTotal":51}
{"t":"2026-06-11T15:38:33.627Z","coord":{"z":14,"x":8503,"y":5841},"type":"dem","status":"HIT","quotaTotal":51}
{"t":"2026-06-11T15:38:33.629Z","coord":{"z":14,"x":8503,"y":5840},"type":"dem","status":"HIT","quotaTotal":51}
{"t":"2026-06-11T15:38:33.630Z","coord":{"z":14,"x":8504,"y":5838},"type":"dem","status":"HIT","quotaTotal":51}
{"t":"2026-06-11T15:38:33.944Z","coord":{"z":14,"x":8503,"y":5838},"type":"sat","status":"HIT","quotaTotal":51}
{"t":"2026-06-11T15:38:34.023Z","coord":{"z":14,"x":8503,"y":5840},"type":"sat","status":"HIT","quotaTotal":51}
{"t":"2026-06-11T15:38:34.209Z","coord":{"z":14,"x":8504,"y":5837},"type":"sat","status":"HIT","quotaTotal":51}
{"t":"2026-06-11T15:38:34.212Z","coord":{"z":14,"x":8504,"y":5838},"type":"sat","status":"HIT","quotaTotal":51}
{"t":"2026-06-11T15:38:34.213Z","coord":{"z":14,"x":8503,"y":5841},"type":"sat","status":"HIT","quotaTotal":51}
{"t":"2026-06-11T15:38:34.215Z","coord":{"z":14,"x":8503,"y":5839},"type":"sat","status":"HIT","quotaTotal":51}
{"t":"2026-06-11T15:38:34.333Z","coord":{"z":14,"x":8504,"y":5839},"type":"dem","status":"HIT","quotaTotal":51}
{"t":"2026-06-11T15:38:34.462Z","coord":{"z":14,"x":8504,"y":5840},"type":"dem","status":"HIT","quotaTotal":51}
{"t":"2026-06-11T15:38:34.578Z","coord":{"z":14,"x":8504,"y":5841},"type":"dem","status":"HIT","quotaTotal":51}
{"t":"2026-06-11T15:38:34.884Z","coord":{"z":14,"x":8505,"y":5837},"type":"dem","status":"HIT","quotaTotal":51}
{"t":"2026-06-11T15:38:34.885Z","coord":{"z":14,"x":8505,"y":5838},"type":"dem","status":"HIT","quotaTotal":51}
{"t":"2026-06-11T15:38:34.886Z","coord":{"z":14,"x":8505,"y":5839},"type":"dem","status":"HIT","quotaTotal":51}
{"t":"2026-06-11T15:38:34.966Z","coord":{"z":14,"x":8504,"y":5840},"type":"sat","status":"HIT","quotaTotal":51}
{"t":"2026-06-11T15:38:34.967Z","coord":{"z":14,"x":8504,"y":5839},"type":"sat","status":"HIT","quotaTotal":51}
{"t":"2026-06-11T15:38:35.031Z","coord":{"z":14,"x":8504,"y":5841},"type":"sat","status":"HIT","quotaTotal":51}
{"t":"2026-06-11T15:38:35.317Z","coord":{"z":14,"x":8505,"y":5839},"type":"sat","status":"HIT","quotaTotal":51}
{"t":"2026-06-11T15:38:35.319Z","coord":{"z":14,"x":8505,"y":5837},"type":"sat","status":"HIT","quotaTotal":51}
{"t":"2026-06-11T15:38:35.320Z","coord":{"z":14,"x":8505,"y":5838},"type":"sat","status":"HIT","quotaTotal":51}
{"t":"2026-06-11T15:38:35.449Z","coord":{"z":14,"x":8505,"y":5841},"type":"dem","status":"HIT","quotaTotal":51}
{"t":"2026-06-11T15:38:35.453Z","coord":{"z":14,"x":8505,"y":5840},"type":"dem","status":"HIT","quotaTotal":51}
{"t":"2026-06-11T15:38:35.531Z","coord":{"z":14,"x":8506,"y":5837},"type":"dem","status":"HIT","quotaTotal":51}
{"t":"2026-06-11T15:38:36.101Z","coord":{"z":14,"x":8506,"y":5838},"type":"dem","status":"HIT","quotaTotal":51}
{"t":"2026-06-11T15:38:36.156Z","coord":{"z":14,"x":8506,"y":5839},"type":"dem","status":"HIT","quotaTotal":51}
{"t":"2026-06-11T15:38:36.157Z","coord":{"z":14,"x":8506,"y":5840},"type":"dem","status":"HIT","quotaTotal":51}
{"t":"2026-06-11T15:38:36.159Z","coord":{"z":14,"x":8505,"y":5841},"type":"sat","status":"HIT","quotaTotal":51}
{"t":"2026-06-11T15:38:36.285Z","coord":{"z":14,"x":8506,"y":5837},"type":"sat","status":"HIT","quotaTotal":51}
{"t":"2026-06-11T15:38:36.286Z","coord":{"z":14,"x":8505,"y":5840},"type":"sat","status":"HIT","quotaTotal":51}
{"t":"2026-06-11T15:38:36.458Z","coord":{"z":14,"x":8506,"y":5838},"type":"sat","status":"HIT","quotaTotal":51}
{"t":"2026-06-11T15:38:36.609Z","coord":{"z":14,"x":8506,"y":5839},"type":"sat","status":"HIT","quotaTotal":51}
{"t":"2026-06-11T15:38:36.815Z","coord":{"z":14,"x":8506,"y":5840},"type":"sat","status":"HIT","quotaTotal":51}
{"t":"2026-06-11T15:38:36.816Z","coord":{"z":14,"x":8506,"y":5841},"type":"dem","status":"HIT","quotaTotal":51}
{"t":"2026-06-11T15:38:37.353Z","coord":{"z":14,"x":8506,"y":5841},"type":"sat","status":"HIT","quotaTotal":51}
{"t":"2026-06-11T15:44:30.216Z","coord":{"z":14,"x":8502,"y":5837},"type":"dem","status":"HIT","quotaTotal":51}
{"t":"2026-06-11T15:44:30.529Z","coord":{"z":14,"x":8502,"y":5841},"type":"dem","status":"HIT","quotaTotal":51}
{"t":"2026-06-11T15:44:30.530Z","coord":{"z":14,"x":8502,"y":5840},"type":"dem","status":"HIT","quotaTotal":51}
{"t":"2026-06-11T15:44:30.530Z","coord":{"z":14,"x":8502,"y":5839},"type":"dem","status":"HIT","quotaTotal":51}
{"t":"2026-06-11T15:44:30.531Z","coord":{"z":14,"x":8502,"y":5838},"type":"dem","status":"HIT","quotaTotal":51}
{"t":"2026-06-11T15:44:30.531Z","coord":{"z":14,"x":8503,"y":5837},"type":"dem","status":"HIT","quotaTotal":51}
{"t":"2026-06-11T15:44:30.563Z","coord":{"z":14,"x":8502,"y":5837},"type":"sat","status":"HIT","quotaTotal":51}
{"t":"2026-06-11T15:44:31.249Z","coord":{"z":14,"x":8502,"y":5840},"type":"sat","status":"HIT","quotaTotal":51}
{"t":"2026-06-11T15:44:31.250Z","coord":{"z":14,"x":8502,"y":5841},"type":"sat","status":"HIT","quotaTotal":51}
{"t":"2026-06-11T15:44:31.252Z","coord":{"z":14,"x":8503,"y":5838},"type":"dem","status":"HIT","quotaTotal":51}
{"t":"2026-06-11T15:44:31.253Z","coord":{"z":14,"x":8502,"y":5839},"type":"sat","status":"HIT","quotaTotal":51}
{"t":"2026-06-11T15:44:31.254Z","coord":{"z":14,"x":8502,"y":5838},"type":"sat","status":"HIT","quotaTotal":51}
{"t":"2026-06-11T15:44:31.255Z","coord":{"z":14,"x":8503,"y":5837},"type":"sat","status":"HIT","quotaTotal":51}
{"t":"2026-06-11T15:44:31.859Z","coord":{"z":14,"x":8503,"y":5839},"type":"dem","status":"HIT","quotaTotal":51}
{"t":"2026-06-11T15:44:31.976Z","coord":{"z":14,"x":8503,"y":5840},"type":"dem","status":"HIT","quotaTotal":51}
{"t":"2026-06-11T15:44:31.991Z","coord":{"z":14,"x":8503,"y":5838},"type":"sat","status":"HIT","quotaTotal":51}
{"t":"2026-06-11T15:44:31.992Z","coord":{"z":14,"x":8503,"y":5841},"type":"dem","status":"HIT","quotaTotal":51}
{"t":"2026-06-11T15:44:31.994Z","coord":{"z":14,"x":8504,"y":5837},"type":"dem","status":"HIT","quotaTotal":51}
{"t":"2026-06-11T15:44:32.177Z","coord":{"z":14,"x":8504,"y":5838},"type":"dem","status":"HIT","quotaTotal":51}
{"t":"2026-06-11T15:44:32.250Z","coord":{"z":14,"x":8503,"y":5839},"type":"sat","status":"HIT","quotaTotal":51}
{"t":"2026-06-11T15:44:32.364Z","coord":{"z":14,"x":8503,"y":5840},"type":"sat","status":"HIT","quotaTotal":51}
{"t":"2026-06-11T15:44:32.577Z","coord":{"z":14,"x":8503,"y":5841},"type":"sat","status":"HIT","quotaTotal":51}
{"t":"2026-06-11T15:44:32.578Z","coord":{"z":14,"x":8504,"y":5839},"type":"dem","status":"HIT","quotaTotal":51}
{"t":"2026-06-11T15:44:32.579Z","coord":{"z":14,"x":8504,"y":5837},"type":"sat","status":"HIT","quotaTotal":51}
{"t":"2026-06-11T15:44:32.580Z","coord":{"z":14,"x":8504,"y":5838},"type":"sat","status":"HIT","quotaTotal":51}
{"t":"2026-06-11T15:44:32.664Z","coord":{"z":14,"x":8504,"y":5840},"type":"dem","status":"HIT","quotaTotal":51}
{"t":"2026-06-11T15:44:32.708Z","coord":{"z":14,"x":8504,"y":5841},"type":"dem","status":"HIT","quotaTotal":51}
{"t":"2026-06-11T15:44:33.065Z","coord":{"z":14,"x":8505,"y":5837},"type":"dem","status":"HIT","quotaTotal":51}
{"t":"2026-06-11T15:44:33.379Z","coord":{"z":14,"x":8504,"y":5839},"type":"sat","status":"HIT","quotaTotal":51}
{"t":"2026-06-11T15:44:33.380Z","coord":{"z":14,"x":8505,"y":5838},"type":"dem","status":"HIT","quotaTotal":51}
{"t":"2026-06-11T15:44:33.382Z","coord":{"z":14,"x":8505,"y":5839},"type":"dem","status":"HIT","quotaTotal":51}
{"t":"2026-06-11T15:44:33.444Z","coord":{"z":14,"x":8504,"y":5841},"type":"sat","status":"HIT","quotaTotal":51}
{"t":"2026-06-11T15:44:33.445Z","coord":{"z":14,"x":8504,"y":5840},"type":"sat","status":"HIT","quotaTotal":51}
{"t":"2026-06-11T15:44:33.487Z","coord":{"z":14,"x":8505,"y":5837},"type":"sat","status":"HIT","quotaTotal":51}
{"t":"2026-06-11T15:44:33.923Z","coord":{"z":14,"x":8505,"y":5839},"type":"sat","status":"HIT","quotaTotal":51}
{"t":"2026-06-11T15:44:33.924Z","coord":{"z":14,"x":8505,"y":5838},"type":"sat","status":"HIT","quotaTotal":51}
{"t":"2026-06-11T15:44:33.925Z","coord":{"z":14,"x":8505,"y":5840},"type":"dem","status":"HIT","quotaTotal":51}
{"t":"2026-06-11T15:44:34.082Z","coord":{"z":14,"x":8505,"y":5841},"type":"dem","status":"HIT","quotaTotal":51}
{"t":"2026-06-11T15:44:34.234Z","coord":{"z":14,"x":8506,"y":5838},"type":"dem","status":"HIT","quotaTotal":51}
{"t":"2026-06-11T15:44:34.237Z","coord":{"z":14,"x":8506,"y":5837},"type":"dem","status":"HIT","quotaTotal":51}
{"t":"2026-06-11T15:44:34.657Z","coord":{"z":14,"x":8506,"y":5840},"type":"dem","status":"HIT","quotaTotal":51}
{"t":"2026-06-11T15:44:34.658Z","coord":{"z":14,"x":8506,"y":5839},"type":"dem","status":"HIT","quotaTotal":51}
{"t":"2026-06-11T15:44:34.659Z","coord":{"z":14,"x":8505,"y":5840},"type":"sat","status":"HIT","quotaTotal":51}
{"t":"2026-06-11T15:44:34.783Z","coord":{"z":14,"x":8505,"y":5841},"type":"sat","status":"HIT","quotaTotal":51}
{"t":"2026-06-11T15:44:34.785Z","coord":{"z":14,"x":8506,"y":5838},"type":"sat","status":"HIT","quotaTotal":51}
{"t":"2026-06-11T15:44:34.793Z","coord":{"z":14,"x":8506,"y":5837},"type":"sat","status":"HIT","quotaTotal":51}
{"t":"2026-06-11T15:44:34.974Z","coord":{"z":14,"x":8506,"y":5840},"type":"sat","status":"HIT","quotaTotal":51}
{"t":"2026-06-11T15:44:35.172Z","coord":{"z":14,"x":8506,"y":5841},"type":"dem","status":"HIT","quotaTotal":51}
{"t":"2026-06-11T15:44:35.174Z","coord":{"z":14,"x":8506,"y":5839},"type":"sat","status":"HIT","quotaTotal":51}
{"t":"2026-06-11T15:44:35.960Z","coord":{"z":14,"x":8506,"y":5841},"type":"sat","status":"HIT","quotaTotal":51}
{"t":"2026-06-11T15:46:01.655Z","coord":{"z":14,"x":8502,"y":5837},"type":"dem","status":"HIT","quotaTotal":51}
{"t":"2026-06-11T15:46:01.656Z","coord":{"z":14,"x":8502,"y":5838},"type":"dem","status":"HIT","quotaTotal":51}
{"t":"2026-06-11T15:46:01.658Z","coord":{"z":14,"x":8502,"y":5840},"type":"dem","status":"HIT","quotaTotal":51}
{"t":"2026-06-11T15:46:01.659Z","coord":{"z":14,"x":8502,"y":5839},"type":"dem","status":"HIT","quotaTotal":51}
{"t":"2026-06-11T15:46:01.660Z","coord":{"z":14,"x":8502,"y":5841},"type":"dem","status":"HIT","quotaTotal":51}
{"t":"2026-06-11T15:46:01.968Z","coord":{"z":14,"x":8503,"y":5837},"type":"dem","status":"HIT","quotaTotal":51}
{"t":"2026-06-11T15:46:02.206Z","coord":{"z":14,"x":8502,"y":5837},"type":"sat","status":"HIT","quotaTotal":51}
{"t":"2026-06-11T15:46:02.207Z","coord":{"z":14,"x":8502,"y":5840},"type":"sat","status":"HIT","quotaTotal":51}
{"t":"2026-06-11T15:46:02.208Z","coord":{"z":14,"x":8502,"y":5839},"type":"sat","status":"HIT","quotaTotal":51}
{"t":"2026-06-11T15:46:02.208Z","coord":{"z":14,"x":8502,"y":5838},"type":"sat","status":"HIT","quotaTotal":51}
{"t":"2026-06-11T15:46:02.209Z","coord":{"z":14,"x":8502,"y":5841},"type":"sat","status":"HIT","quotaTotal":51}
{"t":"2026-06-11T15:46:02.323Z","coord":{"z":14,"x":8503,"y":5837},"type":"sat","status":"HIT","quotaTotal":51}
{"t":"2026-06-11T15:46:02.582Z","coord":{"z":14,"x":8503,"y":5838},"type":"dem","status":"HIT","quotaTotal":51}
{"t":"2026-06-11T15:46:02.898Z","coord":{"z":14,"x":8503,"y":5840},"type":"dem","status":"HIT","quotaTotal":51}
{"t":"2026-06-11T15:46:02.899Z","coord":{"z":14,"x":8503,"y":5841},"type":"dem","status":"HIT","quotaTotal":51}
{"t":"2026-06-11T15:46:02.899Z","coord":{"z":14,"x":8504,"y":5837},"type":"dem","status":"HIT","quotaTotal":51}
{"t":"2026-06-11T15:46:02.900Z","coord":{"z":14,"x":8503,"y":5839},"type":"dem","status":"HIT","quotaTotal":51}
{"t":"2026-06-11T15:46:02.924Z","coord":{"z":14,"x":8504,"y":5838},"type":"dem","status":"HIT","quotaTotal":51}
{"t":"2026-06-11T15:46:03.002Z","coord":{"z":14,"x":8503,"y":5838},"type":"sat","status":"HIT","quotaTotal":51}
{"t":"2026-06-11T15:46:03.485Z","coord":{"z":14,"x":8504,"y":5837},"type":"sat","status":"HIT","quotaTotal":51}
{"t":"2026-06-11T15:46:03.486Z","coord":{"z":14,"x":8503,"y":5839},"type":"sat","status":"HIT","quotaTotal":51}
{"t":"2026-06-11T15:46:03.487Z","coord":{"z":14,"x":8503,"y":5840},"type":"sat","status":"HIT","quotaTotal":51}
{"t":"2026-06-11T15:46:03.488Z","coord":{"z":14,"x":8503,"y":5841},"type":"sat","status":"HIT","quotaTotal":51}
{"t":"2026-06-11T15:46:03.489Z","coord":{"z":14,"x":8504,"y":5838},"type":"sat","status":"HIT","quotaTotal":51}
{"t":"2026-06-11T15:46:03.748Z","coord":{"z":14,"x":8504,"y":5839},"type":"dem","status":"HIT","quotaTotal":51}
{"t":"2026-06-11T15:46:03.949Z","coord":{"z":14,"x":8504,"y":5840},"type":"dem","status":"HIT","quotaTotal":51}
{"t":"2026-06-11T15:46:04.007Z","coord":{"z":14,"x":8505,"y":5837},"type":"dem","status":"HIT","quotaTotal":51}
{"t":"2026-06-11T15:46:04.008Z","coord":{"z":14,"x":8504,"y":5841},"type":"dem","status":"HIT","quotaTotal":51}
{"t":"2026-06-11T15:46:04.320Z","coord":{"z":14,"x":8505,"y":5839},"type":"dem","status":"HIT","quotaTotal":51}
{"t":"2026-06-11T15:46:04.321Z","coord":{"z":14,"x":8505,"y":5838},"type":"dem","status":"HIT","quotaTotal":51}
{"t":"2026-06-11T15:46:04.351Z","coord":{"z":14,"x":8504,"y":5839},"type":"sat","status":"HIT","quotaTotal":51}
{"t":"2026-06-11T15:46:04.476Z","coord":{"z":14,"x":8504,"y":5840},"type":"sat","status":"HIT","quotaTotal":51}
{"t":"2026-06-11T15:46:04.507Z","coord":{"z":14,"x":8504,"y":5841},"type":"sat","status":"HIT","quotaTotal":51}
{"t":"2026-06-11T15:46:04.508Z","coord":{"z":14,"x":8505,"y":5837},"type":"sat","status":"HIT","quotaTotal":51}
{"t":"2026-06-11T15:46:04.848Z","coord":{"z":14,"x":8505,"y":5838},"type":"sat","status":"HIT","quotaTotal":51}
{"t":"2026-06-11T15:46:04.849Z","coord":{"z":14,"x":8505,"y":5839},"type":"sat","status":"HIT","quotaTotal":51}
{"t":"2026-06-11T15:46:04.855Z","coord":{"z":14,"x":8505,"y":5840},"type":"dem","status":"HIT","quotaTotal":51}
{"t":"2026-06-11T15:46:05.102Z","coord":{"z":14,"x":8505,"y":5841},"type":"dem","status":"HIT","quotaTotal":51}
{"t":"2026-06-11T15:46:05.104Z","coord":{"z":14,"x":8506,"y":5838},"type":"dem","status":"HIT","quotaTotal":51}
{"t":"2026-06-11T15:46:05.104Z","coord":{"z":14,"x":8506,"y":5837},"type":"dem","status":"HIT","quotaTotal":51}
{"t":"2026-06-11T15:46:05.405Z","coord":{"z":14,"x":8506,"y":5840},"type":"dem","status":"HIT","quotaTotal":51}
{"t":"2026-06-11T15:46:05.406Z","coord":{"z":14,"x":8506,"y":5839},"type":"dem","status":"HIT","quotaTotal":51}
{"t":"2026-06-11T15:46:05.419Z","coord":{"z":14,"x":8505,"y":5840},"type":"sat","status":"HIT","quotaTotal":51}
{"t":"2026-06-11T15:46:05.425Z","coord":{"z":14,"x":8505,"y":5841},"type":"sat","status":"HIT","quotaTotal":51}
{"t":"2026-06-11T15:46:05.569Z","coord":{"z":14,"x":8506,"y":5837},"type":"sat","status":"HIT","quotaTotal":51}
{"t":"2026-06-11T15:46:05.724Z","coord":{"z":14,"x":8506,"y":5840},"type":"sat","status":"HIT","quotaTotal":51}
{"t":"2026-06-11T15:46:05.724Z","coord":{"z":14,"x":8506,"y":5838},"type":"sat","status":"HIT","quotaTotal":51}
{"t":"2026-06-11T15:46:05.847Z","coord":{"z":14,"x":8506,"y":5841},"type":"dem","status":"HIT","quotaTotal":51}
{"t":"2026-06-11T15:46:05.848Z","coord":{"z":14,"x":8506,"y":5839},"type":"sat","status":"HIT","quotaTotal":51}
{"t":"2026-06-11T15:46:06.252Z","coord":{"z":14,"x":8506,"y":5841},"type":"sat","status":"HIT","quotaTotal":51}
{"t":"2026-06-11T15:48:37.591Z","coord":{"z":14,"x":8502,"y":5837},"type":"dem","status":"HIT","quotaTotal":51}
{"t":"2026-06-11T15:48:37.907Z","coord":{"z":14,"x":8502,"y":5839},"type":"dem","status":"HIT","quotaTotal":51}
{"t":"2026-06-11T15:48:37.908Z","coord":{"z":14,"x":8502,"y":5841},"type":"dem","status":"HIT","quotaTotal":51}
{"t":"2026-06-11T15:48:37.909Z","coord":{"z":14,"x":8502,"y":5838},"type":"dem","status":"HIT","quotaTotal":51}
{"t":"2026-06-11T15:48:37.910Z","coord":{"z":14,"x":8503,"y":5837},"type":"dem","status":"HIT","quotaTotal":51}
{"t":"2026-06-11T15:48:37.911Z","coord":{"z":14,"x":8502,"y":5840},"type":"dem","status":"HIT","quotaTotal":51}
{"t":"2026-06-11T15:48:37.963Z","coord":{"z":14,"x":8502,"y":5837},"type":"sat","status":"HIT","quotaTotal":51}
{"t":"2026-06-11T15:48:38.560Z","coord":{"z":14,"x":8502,"y":5839},"type":"sat","status":"HIT","quotaTotal":51}
{"t":"2026-06-11T15:48:38.577Z","coord":{"z":14,"x":8503,"y":5837},"type":"sat","status":"HIT","quotaTotal":51}
{"t":"2026-06-11T15:48:38.577Z","coord":{"z":14,"x":8502,"y":5838},"type":"sat","status":"HIT","quotaTotal":51}
{"t":"2026-06-11T15:48:38.578Z","coord":{"z":14,"x":8502,"y":5840},"type":"sat","status":"HIT","quotaTotal":51}
{"t":"2026-06-11T15:48:38.579Z","coord":{"z":14,"x":8502,"y":5841},"type":"sat","status":"HIT","quotaTotal":51}
{"t":"2026-06-11T15:48:38.872Z","coord":{"z":14,"x":8503,"y":5838},"type":"dem","status":"HIT","quotaTotal":51}
{"t":"2026-06-11T15:48:39.045Z","coord":{"z":14,"x":8503,"y":5839},"type":"dem","status":"HIT","quotaTotal":51}
{"t":"2026-06-11T15:48:39.309Z","coord":{"z":14,"x":8504,"y":5838},"type":"dem","status":"HIT","quotaTotal":51}
{"t":"2026-06-11T15:48:39.310Z","coord":{"z":14,"x":8504,"y":5837},"type":"dem","status":"HIT","quotaTotal":51}
{"t":"2026-06-11T15:48:39.311Z","coord":{"z":14,"x":8503,"y":5840},"type":"dem","status":"HIT","quotaTotal":51}
{"t":"2026-06-11T15:48:39.312Z","coord":{"z":14,"x":8503,"y":5841},"type":"dem","status":"HIT","quotaTotal":51}
{"t":"2026-06-11T15:48:39.314Z","coord":{"z":14,"x":8503,"y":5838},"type":"sat","status":"HIT","quotaTotal":51}
{"t":"2026-06-11T15:48:39.443Z","coord":{"z":14,"x":8503,"y":5839},"type":"sat","status":"HIT","quotaTotal":51}
{"t":"2026-06-11T15:48:39.958Z","coord":{"z":14,"x":8504,"y":5839},"type":"dem","status":"HIT","quotaTotal":51}
{"t":"2026-06-11T15:48:39.960Z","coord":{"z":14,"x":8503,"y":5840},"type":"sat","status":"HIT","quotaTotal":51}
{"t":"2026-06-11T15:48:39.961Z","coord":{"z":14,"x":8504,"y":5838},"type":"sat","status":"HIT","quotaTotal":51}
{"t":"2026-06-11T15:48:39.962Z","coord":{"z":14,"x":8503,"y":5841},"type":"sat","status":"HIT","quotaTotal":51}
{"t":"2026-06-11T15:48:39.963Z","coord":{"z":14,"x":8504,"y":5837},"type":"sat","status":"HIT","quotaTotal":51}
{"t":"2026-06-11T15:48:40.050Z","coord":{"z":14,"x":8504,"y":5840},"type":"dem","status":"HIT","quotaTotal":51}
{"t":"2026-06-11T15:48:40.430Z","coord":{"z":14,"x":8504,"y":5839},"type":"sat","status":"HIT","quotaTotal":51}
{"t":"2026-06-11T15:48:40.619Z","coord":{"z":14,"x":8505,"y":5837},"type":"dem","status":"HIT","quotaTotal":51}
{"t":"2026-06-11T15:48:40.620Z","coord":{"z":14,"x":8504,"y":5841},"type":"dem","status":"HIT","quotaTotal":51}
{"t":"2026-06-11T15:48:40.622Z","coord":{"z":14,"x":8505,"y":5838},"type":"dem","status":"HIT","quotaTotal":51}
{"t":"2026-06-11T15:48:40.623Z","coord":{"z":14,"x":8505,"y":5839},"type":"dem","status":"HIT","quotaTotal":51}
{"t":"2026-06-11T15:48:40.624Z","coord":{"z":14,"x":8504,"y":5840},"type":"sat","status":"HIT","quotaTotal":51}
{"t":"2026-06-11T15:48:40.906Z","coord":{"z":14,"x":8505,"y":5840},"type":"dem","status":"HIT","quotaTotal":51}
{"t":"2026-06-11T15:48:41.320Z","coord":{"z":14,"x":8505,"y":5839},"type":"sat","status":"HIT","quotaTotal":51}
{"t":"2026-06-11T15:48:41.321Z","coord":{"z":14,"x":8504,"y":5841},"type":"sat","status":"HIT","quotaTotal":51}
{"t":"2026-06-11T15:48:41.323Z","coord":{"z":14,"x":8505,"y":5837},"type":"sat","status":"HIT","quotaTotal":51}
{"t":"2026-06-11T15:48:41.324Z","coord":{"z":14,"x":8505,"y":5841},"type":"dem","status":"HIT","quotaTotal":51}
{"t":"2026-06-11T15:48:41.324Z","coord":{"z":14,"x":8505,"y":5838},"type":"sat","status":"HIT","quotaTotal":51}
{"t":"2026-06-11T15:48:41.373Z","coord":{"z":14,"x":8505,"y":5840},"type":"sat","status":"HIT","quotaTotal":51}
{"t":"2026-06-11T15:48:41.881Z","coord":{"z":14,"x":8506,"y":5837},"type":"dem","status":"HIT","quotaTotal":51}
{"t":"2026-06-11T15:48:41.957Z","coord":{"z":14,"x":8506,"y":5838},"type":"dem","status":"HIT","quotaTotal":51}
{"t":"2026-06-11T15:48:42.278Z","coord":{"z":14,"x":8506,"y":5841},"type":"dem","status":"HIT","quotaTotal":51}
{"t":"2026-06-11T15:48:42.279Z","coord":{"z":14,"x":8506,"y":5840},"type":"dem","status":"HIT","quotaTotal":51}
{"t":"2026-06-11T15:48:42.280Z","coord":{"z":14,"x":8506,"y":5839},"type":"dem","status":"HIT","quotaTotal":51}
{"t":"2026-06-11T15:48:42.281Z","coord":{"z":14,"x":8505,"y":5841},"type":"sat","status":"HIT","quotaTotal":51}
{"t":"2026-06-11T15:48:42.330Z","coord":{"z":14,"x":8506,"y":5837},"type":"sat","status":"HIT","quotaTotal":51}
{"t":"2026-06-11T15:48:42.408Z","coord":{"z":14,"x":8506,"y":5838},"type":"sat","status":"HIT","quotaTotal":51}
{"t":"2026-06-11T15:48:43.080Z","coord":{"z":14,"x":8506,"y":5841},"type":"sat","status":"HIT","quotaTotal":51}
{"t":"2026-06-11T15:48:43.260Z","coord":{"z":14,"x":8506,"y":5839},"type":"sat","status":"HIT","quotaTotal":51}
{"t":"2026-06-11T15:48:43.261Z","coord":{"z":14,"x":8506,"y":5840},"type":"sat","status":"HIT","quotaTotal":51}
{"t":"2026-06-12T07:32:18.403Z","coord":{"z":14,"x":8502,"y":5840},"type":"dem","status":"HIT","quotaTotal":51}
{"t":"2026-06-12T07:32:18.409Z","coord":{"z":14,"x":8502,"y":5839},"type":"dem","status":"HIT","quotaTotal":51}
{"t":"2026-06-12T07:32:18.410Z","coord":{"z":14,"x":8502,"y":5838},"type":"dem","status":"HIT","quotaTotal":51}
{"t":"2026-06-12T07:32:18.411Z","coord":{"z":14,"x":8502,"y":5837},"type":"dem","status":"HIT","quotaTotal":51}
{"t":"2026-06-12T07:32:18.412Z","coord":{"z":14,"x":8502,"y":5841},"type":"dem","status":"HIT","quotaTotal":51}
{"t":"2026-06-12T07:32:18.413Z","coord":{"z":14,"x":8503,"y":5837},"type":"dem","status":"HIT","quotaTotal":51}
{"t":"2026-06-12T07:32:18.773Z","coord":{"z":14,"x":8502,"y":5840},"type":"sat","status":"HIT","quotaTotal":51}
{"t":"2026-06-12T07:32:18.808Z","coord":{"z":14,"x":8502,"y":5837},"type":"sat","status":"HIT","quotaTotal":51}
{"t":"2026-06-12T07:32:18.809Z","coord":{"z":14,"x":8502,"y":5841},"type":"sat","status":"HIT","quotaTotal":51}
{"t":"2026-06-12T07:32:18.809Z","coord":{"z":14,"x":8502,"y":5838},"type":"sat","status":"HIT","quotaTotal":51}
{"t":"2026-06-12T07:32:18.810Z","coord":{"z":14,"x":8502,"y":5839},"type":"sat","status":"HIT","quotaTotal":51}
{"t":"2026-06-12T07:32:18.810Z","coord":{"z":14,"x":8503,"y":5837},"type":"sat","status":"HIT","quotaTotal":51}
{"t":"2026-06-12T07:32:19.109Z","coord":{"z":14,"x":8503,"y":5838},"type":"dem","status":"HIT","quotaTotal":51}
{"t":"2026-06-12T07:32:19.335Z","coord":{"z":14,"x":8503,"y":5839},"type":"dem","status":"HIT","quotaTotal":51}
{"t":"2026-06-12T07:32:19.467Z","coord":{"z":14,"x":8503,"y":5840},"type":"dem","status":"HIT","quotaTotal":51}
{"t":"2026-06-12T07:32:19.468Z","coord":{"z":14,"x":8503,"y":5841},"type":"dem","status":"HIT","quotaTotal":51}
{"t":"2026-06-12T07:32:19.468Z","coord":{"z":14,"x":8504,"y":5837},"type":"dem","status":"HIT","quotaTotal":51}
{"t":"2026-06-12T07:32:19.469Z","coord":{"z":14,"x":8503,"y":5838},"type":"sat","status":"HIT","quotaTotal":51}
{"t":"2026-06-12T07:32:19.469Z","coord":{"z":14,"x":8504,"y":5838},"type":"dem","status":"HIT","quotaTotal":51}
{"t":"2026-06-12T07:32:19.678Z","coord":{"z":14,"x":8503,"y":5839},"type":"sat","status":"HIT","quotaTotal":51}
{"t":"2026-06-12T07:32:19.938Z","coord":{"z":14,"x":8504,"y":5837},"type":"sat","status":"HIT","quotaTotal":51}
{"t":"2026-06-12T07:32:19.938Z","coord":{"z":14,"x":8504,"y":5839},"type":"dem","status":"HIT","quotaTotal":51}
{"t":"2026-06-12T07:32:19.939Z","coord":{"z":14,"x":8503,"y":5840},"type":"sat","status":"HIT","quotaTotal":51}
{"t":"2026-06-12T07:32:19.941Z","coord":{"z":14,"x":8503,"y":5841},"type":"sat","status":"HIT","quotaTotal":51}
{"t":"2026-06-12T07:32:19.992Z","coord":{"z":14,"x":8504,"y":5838},"type":"sat","status":"HIT","quotaTotal":51}
{"t":"2026-06-12T07:32:20.125Z","coord":{"z":14,"x":8504,"y":5840},"type":"dem","status":"HIT","quotaTotal":51}
{"t":"2026-06-12T07:32:20.488Z","coord":{"z":14,"x":8505,"y":5838},"type":"dem","status":"HIT","quotaTotal":51}
{"t":"2026-06-12T07:32:20.489Z","coord":{"z":14,"x":8504,"y":5841},"type":"dem","status":"HIT","quotaTotal":51}
{"t":"2026-06-12T07:32:20.491Z","coord":{"z":14,"x":8505,"y":5837},"type":"dem","status":"HIT","quotaTotal":51}
{"t":"2026-06-12T07:32:20.611Z","coord":{"z":14,"x":8504,"y":5839},"type":"sat","status":"HIT","quotaTotal":51}
{"t":"2026-06-12T07:32:20.670Z","coord":{"z":14,"x":8504,"y":5840},"type":"sat","status":"HIT","quotaTotal":51}
{"t":"2026-06-12T07:32:20.671Z","coord":{"z":14,"x":8505,"y":5839},"type":"dem","status":"HIT","quotaTotal":51}
{"t":"2026-06-12T07:32:20.812Z","coord":{"z":14,"x":8505,"y":5837},"type":"sat","status":"HIT","quotaTotal":51}
{"t":"2026-06-12T07:32:20.890Z","coord":{"z":14,"x":8504,"y":5841},"type":"sat","status":"HIT","quotaTotal":51}
{"t":"2026-06-12T07:32:20.891Z","coord":{"z":14,"x":8505,"y":5838},"type":"sat","status":"HIT","quotaTotal":51}
{"t":"2026-06-12T07:32:20.927Z","coord":{"z":14,"x":8505,"y":5840},"type":"dem","status":"HIT","quotaTotal":51}
{"t":"2026-06-12T07:32:20.992Z","coord":{"z":14,"x":8505,"y":5841},"type":"dem","status":"HIT","quotaTotal":51}
{"t":"2026-06-12T07:32:21.039Z","coord":{"z":14,"x":8505,"y":5839},"type":"sat","status":"HIT","quotaTotal":51}
{"t":"2026-06-12T07:32:21.242Z","coord":{"z":14,"x":8506,"y":5837},"type":"dem","status":"HIT","quotaTotal":51}
{"t":"2026-06-12T07:32:21.446Z","coord":{"z":14,"x":8506,"y":5838},"type":"dem","status":"HIT","quotaTotal":51}
{"t":"2026-06-12T07:32:21.851Z","coord":{"z":14,"x":8506,"y":5840},"type":"dem","status":"HIT","quotaTotal":51}
{"t":"2026-06-12T07:32:21.852Z","coord":{"z":14,"x":8505,"y":5840},"type":"sat","status":"HIT","quotaTotal":51}
{"t":"2026-06-12T07:32:21.853Z","coord":{"z":14,"x":8506,"y":5839},"type":"dem","status":"HIT","quotaTotal":51}
{"t":"2026-06-12T07:32:21.853Z","coord":{"z":14,"x":8505,"y":5841},"type":"sat","status":"HIT","quotaTotal":51}
{"t":"2026-06-12T07:32:21.882Z","coord":{"z":14,"x":8506,"y":5838},"type":"sat","status":"HIT","quotaTotal":51}
{"t":"2026-06-12T07:32:21.885Z","coord":{"z":14,"x":8506,"y":5837},"type":"sat","status":"HIT","quotaTotal":51}
{"t":"2026-06-12T07:32:22.327Z","coord":{"z":14,"x":8506,"y":5841},"type":"dem","status":"HIT","quotaTotal":51}
{"t":"2026-06-12T07:32:22.353Z","coord":{"z":14,"x":8506,"y":5839},"type":"sat","status":"HIT","quotaTotal":51}
{"t":"2026-06-12T07:32:22.563Z","coord":{"z":14,"x":8506,"y":5841},"type":"sat","status":"HIT","quotaTotal":51}
{"t":"2026-06-12T07:32:22.564Z","coord":{"z":14,"x":8506,"y":5840},"type":"sat","status":"HIT","quotaTotal":51}
